v8-version,4,5,103,35,0
new,InitialChunk,0x73a52000000,33554432
new,CodeRange,0x1ac5bbd9c000,536870912
heap-capacity,1031936
heap-available,1501527552
new,MemoryChunk,0x1ac5bbf00000,1048576
new,MemoryChunk,0x1ac5bc000000,1048576
new,MemoryChunk,0x1ac5bc100000,1048576
new,MemoryChunk,0xc59cc700000,905216
new,MemoryChunk,0x1ac5bc200000,1048576
new,MemoryChunk,0x1e714d100000,81920
markcompact,begin,0,4214,1488644870693
markcompact,end,0,4747,1488644870694
markcompact,begin,0,4865,1488644870694
markcompact,end,0,5316,1488644870695
check-maps-depth,1
check-maps-depth,1
check-maps-depth,1
check-maps-depth,1
check-maps-depth,2
check-maps-depth,2
check-maps-depth,3
check-maps-depth,3
check-maps-depth,3
check-maps-depth,3
check-maps-depth,2
check-maps-depth,2
check-maps-depth,2
check-maps-depth,2
check-maps-depth,2
new,MemoryChunk,0x18ec2d000000,1048576
new,MemoryChunk,0x1ac5bc300000,1048576
check-maps-depth,1
check-maps-depth,1
check-maps-depth,2
check-maps-depth,2
check-maps-depth,2
check-maps-depth,2
check-maps-depth,2
check-maps-depth,2
check-maps-depth,2
check-maps-depth,2
check-maps-depth,2
check-maps-depth,2
check-maps-depth,2
check-maps-depth,2
check-maps-depth,2
check-maps-depth,2
check-maps-depth,2
check-maps-depth,2
check-maps-depth,2
check-maps-depth,2
check-maps-depth,1
check-maps-depth,2
check-maps-depth,2
check-maps-depth,2
check-maps-depth,2
check-maps-depth,2
check-maps-depth,1
check-maps-depth,4
check-maps-depth,2
scavenge,begin,0,15773,1488644870707
scavenge,end,0,16100,1488644870707
new,MemoryChunk,0x322ac2b00000,1048576
check-maps-depth,2
check-maps-depth,2
check-maps-depth,2
scavenge,begin,0,18582,1488644870710
scavenge,end,0,18902,1488644870711
check-maps-depth,2
check-maps-depth,2
check-maps-depth,2
check-maps-depth,2
check-maps-depth,1
check-maps-depth,2
check-maps-depth,2
check-maps-depth,2
new,MemoryChunk,0x1e05f9900000,1048576
check-maps-depth,1
check-maps-depth,2
check-maps-depth,2
check-maps-depth,2
check-maps-depth,2
check-maps-depth,2
check-maps-depth,2
check-maps-depth,2
check-maps-depth,3
check-maps-depth,1
check-maps-depth,2
check-maps-depth,2
check-maps-depth,1
check-maps-depth,2
check-maps-depth,1
check-maps-depth,1
check-maps-depth,2
check-maps-depth,1
check-maps-depth,3
check-maps-depth,1
check-maps-depth,2
check-maps-depth,3
check-maps-depth,1
check-maps-depth,1
check-maps-depth,2
check-maps-depth,1
check-maps-depth,2
check-maps-depth,2
check-maps-depth,2
check-maps-depth,2
check-maps-depth,2
check-maps-depth,2
check-maps-depth,2
check-maps-depth,2
check-maps-depth,2
check-maps-depth,2
check-maps-depth,2
check-maps-depth,2
check-maps-depth,2
check-maps-depth,2
check-maps-depth,2
check-maps-depth,1
check-maps-depth,2
check-maps-depth,2
check-maps-depth,1
check-maps-depth,2
check-maps-depth,2
check-maps-depth,1
check-maps-depth,3
check-maps-depth,3
check-maps-depth,3
check-maps-depth,3
check-maps-depth,3
check-maps-depth,3
check-maps-depth,3
check-maps-depth,3
check-maps-depth,3
check-maps-depth,3
check-maps-depth,3
check-maps-depth,3
check-maps-depth,3
check-maps-depth,3
check-maps-depth,2
check-maps-depth,2
check-maps-depth,2
check-maps-depth,2
check-maps-depth,1
check-maps-depth,2
check-maps-depth,1
check-maps-depth,1
check-maps-depth,1
check-maps-depth,1
check-maps-depth,2
check-maps-depth,2
scavenge,begin,0,50982,1488644870751
scavenge,end,0,51406,1488644870751
check-maps-depth,2
check-maps-depth,2
check-maps-depth,2
check-maps-depth,3
check-maps-depth,1
check-maps-depth,1
check-maps-depth,4
check-maps-depth,4
check-maps-depth,4
check-maps-depth,1
check-maps-depth,4
check-maps-depth,2
check-maps-depth,2
check-maps-depth,2
check-maps-depth,1
check-maps-depth,1
check-maps-depth,2
check-maps-depth,2
check-maps-depth,2
check-maps-depth,3
check-maps-depth,2
check-maps-depth,2
check-maps-depth,1
